/home/changliu/ExcitationNexus/equiformer_v3_model/equiformer_v3/src/fairchem/experimental/models/equiformer_v3/layer_norm.py:53: FutureWarning: `torch.cuda.amp.autocast(args...)` is deprecated. Please use `torch.amp.autocast('cuda', args...)` instead.
  @torch.cuda.amp.autocast(enabled=False)
/home/changliu/ExcitationNexus/equiformer_v3_model/equiformer_v3/src/fairchem/experimental/models/equiformer_v3/layer_norm.py:147: FutureWarning: `torch.cuda.amp.autocast(args...)` is deprecated. Please use `torch.amp.autocast('cuda', args...)` instead.
  @torch.cuda.amp.autocast(enabled=False)
/home/changliu/ExcitationNexus/equiformer_v3_model/equiformer_v3/src/fairchem/experimental/models/equiformer_v3/layer_norm.py:246: FutureWarning: `torch.cuda.amp.autocast(args...)` is deprecated. Please use `torch.amp.autocast('cuda', args...)` instead.
  @torch.cuda.amp.autocast(enabled=False)
WARNING:root:Disabled BalancedBatchSampler because num_replicas=1.
WARNING:root:Failed to get data sizes, falling back to uniform partitioning. BalancedBatchSampler requires a dataset.
WARNING:root:Disabled BalancedBatchSampler because num_replicas=1.
WARNING:root:Failed to get data sizes, falling back to uniform partitioning. BalancedBatchSampler requires a dataset.
{
  "checkpoint_sha256": "d32a9fd6f9f5ff2064955b3cc007128cdb47d2b6caa63426eae50abb398795af",
  "device": "cuda:0",
  "final673_accessed": false,
  "historical_metrics": {
    "mae": 0.07656088892531875,
    "n_records": 1098,
    "r2": 0.6617075686153282,
    "rmse": 0.12207155823914684
  },
  "historical_prediction_sha256": "13d46b6eaa82300ae92f4e22adc8a55f99999fff283d309a9dccdc597720db9a",
  "inference_wall_seconds": 15.245785639621317,
  "max_abs_prediction_delta": 3.554031372532407e-07,
  "max_abs_truth_delta": 5.691528315310279e-08,
  "metrics": {
    "mae": 0.07656089216470718,
    "n_records": 1098,
    "r2": 0.6617075800895691,
    "rmse": 0.12207155608497411
  },
  "new15016_accessed": false,
  "parameter_count": 1065570,
  "prediction_sha256": "5adc8187a5c19eb0883838a6c60c320f6f657fd3d1f862d8a5150a1b8049153c",
  "status": "REPRODUCED_NUMERIC",
  "throughput_records_per_second": 72.01989926439505
}
