{
  "status": "GPU_DONE",
  "physical_gpu_id": 0,
  "process_device": "cuda:0",
  "gpu_name": "NVIDIA GeForce RTX 3090",
  "batches": 2,
  "batch_size": 4,
  "dtype": "float32",
  "losses": [
    0.9885917901992798,
    0.5924403667449951
  ],
  "loss_finite": true,
  "gradients_finite": true,
  "shared_trunk_gradient_nonzero": true,
  "primary_head_gradient_nonzero": true,
  "parameter_changed": true,
  "output_task_count": 17,
  "output_shape_per_task": [
    4
  ],
  "translation_invariant": true,
  "rotation_invariant": true,
  "peak_allocated_bytes": 34295296,
  "peak_reserved_bytes": 48234496,
  "peak_allocated_gib": 0.03193998336791992,
  "peak_reserved_gib": 0.044921875,
  "wall_seconds": 1.6428935527801514,
  "checkpoint_saved": false,
  "epoch_run": false,
  "ddp_used": false
}
