Traceback (most recent call last):
  File "/home/changliu/ExcitationNexus/12_Phase4_Multitask_OOD_Training/scripts/gate0d_cpu_smoke.py", line 129, in <module>
    if __name__=='__main__': main()
  File "/home/changliu/ExcitationNexus/12_Phase4_Multitask_OOD_Training/scripts/gate0d_cpu_smoke.py", line 69, in main
    assert g.donor_mask.any() and g.acceptor_mask.any()
AssertionError
Command exited with non-zero status 1
	Command being timed: "/home/changliu/miniconda3/envs/ML/bin/python scripts/gate0d_cpu_smoke.py"
	User time (seconds): 73.87
	System time (seconds): 1.85
	Percent of CPU this job got: 856%
	Elapsed (wall clock) time (h:mm:ss or m:ss): 0:08.83
	Average shared text size (kbytes): 0
	Average unshared data size (kbytes): 0
	Average stack size (kbytes): 0
	Average total size (kbytes): 0
	Maximum resident set size (kbytes): 1344464
	Average resident set size (kbytes): 0
	Major (requiring I/O) page faults: 0
	Minor (reclaiming a frame) page faults: 286386
	Voluntary context switches: 10935
	Involuntary context switches: 349
	Swaps: 0
	File system inputs: 0
	File system outputs: 120
	Socket messages sent: 0
	Socket messages received: 0
	Signals delivered: 0
	Page size (bytes): 4096
	Exit status: 1
